2023-02-08T13:24:46+00:00 CRITICAL Uncaught Error: Object of class WP_Error could not be converted to string in C:\xampp\htdocs\wordpress-code\wp-content\themes\mywocoomerce\index.php:29
Stack trace:
#0 C:\xampp\htdocs\wordpress-code\wp-includes\template-loader.php(106): include()
#1 C:\xampp\htdocs\wordpress-code\wp-blog-header.php(19): require_once('C:\\xampp\\htdocs...')
#2 C:\xampp\htdocs\wordpress-code\index.php(17): require('C:\\xampp\\htdocs...')
#3 {main}
  thrown in C:\xampp\htdocs\wordpress-code\wp-content\themes\mywocoomerce\index.php on line 29

2023-02-08T16:00:39+00:00 CRITICAL Uncaught Error: Object of class WP_Error could not be converted to string in C:\xampp\htdocs\wordpress-code\wp-content\themes\mywocoomerce\index.php:65
Stack trace:
#0 C:\xampp\htdocs\wordpress-code\wp-includes\template-loader.php(106): include()
#1 C:\xampp\htdocs\wordpress-code\wp-blog-header.php(19): require_once('C:\\xampp\\htdocs...')
#2 C:\xampp\htdocs\wordpress-code\index.php(17): require('C:\\xampp\\htdocs...')
#3 {main}
  thrown in C:\xampp\htdocs\wordpress-code\wp-content\themes\mywocoomerce\index.php on line 65

2023-02-08T16:01:12+00:00 CRITICAL Uncaught Error: Object of class WP_Error could not be converted to string in C:\xampp\htdocs\wordpress-code\wp-content\themes\mywocoomerce\index.php:66
Stack trace:
#0 C:\xampp\htdocs\wordpress-code\wp-includes\template-loader.php(106): include()
#1 C:\xampp\htdocs\wordpress-code\wp-blog-header.php(19): require_once('C:\\xampp\\htdocs...')
#2 C:\xampp\htdocs\wordpress-code\index.php(17): require('C:\\xampp\\htdocs...')
#3 {main}
  thrown in C:\xampp\htdocs\wordpress-code\wp-content\themes\mywocoomerce\index.php on line 66

2023-02-08T16:02:06+00:00 CRITICAL Uncaught Error: Object of class WP_Error could not be converted to string in C:\xampp\htdocs\wordpress-code\wp-content\themes\mywocoomerce\index.php:66
Stack trace:
#0 C:\xampp\htdocs\wordpress-code\wp-includes\template-loader.php(106): include()
#1 C:\xampp\htdocs\wordpress-code\wp-blog-header.php(19): require_once('C:\\xampp\\htdocs...')
#2 C:\xampp\htdocs\wordpress-code\index.php(17): require('C:\\xampp\\htdocs...')
#3 {main}
  thrown in C:\xampp\htdocs\wordpress-code\wp-content\themes\mywocoomerce\index.php on line 66

2023-02-08T16:05:08+00:00 CRITICAL Uncaught Error: Object of class WP_Error could not be converted to string in C:\xampp\htdocs\wordpress-code\wp-content\themes\mywocoomerce\index.php:66
Stack trace:
#0 C:\xampp\htdocs\wordpress-code\wp-includes\template-loader.php(106): include()
#1 C:\xampp\htdocs\wordpress-code\wp-blog-header.php(19): require_once('C:\\xampp\\htdocs...')
#2 C:\xampp\htdocs\wordpress-code\index.php(17): require('C:\\xampp\\htdocs...')
#3 {main}
  thrown in C:\xampp\htdocs\wordpress-code\wp-content\themes\mywocoomerce\index.php on line 66

2023-02-08T16:09:11+00:00 CRITICAL Uncaught Error: Object of class WP_Error could not be converted to string in C:\xampp\htdocs\wordpress-code\wp-content\themes\mywocoomerce\index.php:65
Stack trace:
#0 C:\xampp\htdocs\wordpress-code\wp-includes\template-loader.php(106): include()
#1 C:\xampp\htdocs\wordpress-code\wp-blog-header.php(19): require_once('C:\\xampp\\htdocs...')
#2 C:\xampp\htdocs\wordpress-code\index.php(17): require('C:\\xampp\\htdocs...')
#3 {main}
  thrown in C:\xampp\htdocs\wordpress-code\wp-content\themes\mywocoomerce\index.php on line 65

2023-02-08T16:10:11+00:00 CRITICAL Uncaught Error: Object of class WP_Error could not be converted to string in C:\xampp\htdocs\wordpress-code\wp-content\themes\mywocoomerce\index.php:65
Stack trace:
#0 C:\xampp\htdocs\wordpress-code\wp-includes\template-loader.php(106): include()
#1 C:\xampp\htdocs\wordpress-code\wp-blog-header.php(19): require_once('C:\\xampp\\htdocs...')
#2 C:\xampp\htdocs\wordpress-code\index.php(17): require('C:\\xampp\\htdocs...')
#3 {main}
  thrown in C:\xampp\htdocs\wordpress-code\wp-content\themes\mywocoomerce\index.php on line 65

2023-02-08T16:11:15+00:00 CRITICAL Uncaught Error: Object of class WP_Error could not be converted to string in C:\xampp\htdocs\wordpress-code\wp-content\themes\mywocoomerce\index.php:65
Stack trace:
#0 C:\xampp\htdocs\wordpress-code\wp-includes\template-loader.php(106): include()
#1 C:\xampp\htdocs\wordpress-code\wp-blog-header.php(19): require_once('C:\\xampp\\htdocs...')
#2 C:\xampp\htdocs\wordpress-code\index.php(17): require('C:\\xampp\\htdocs...')
#3 {main}
  thrown in C:\xampp\htdocs\wordpress-code\wp-content\themes\mywocoomerce\index.php on line 65

2023-02-08T16:15:04+00:00 CRITICAL Uncaught Error: Object of class WP_Error could not be converted to string in C:\xampp\htdocs\wordpress-code\wp-content\themes\mywocoomerce\index.php:66
Stack trace:
#0 C:\xampp\htdocs\wordpress-code\wp-includes\template-loader.php(106): include()
#1 C:\xampp\htdocs\wordpress-code\wp-blog-header.php(19): require_once('C:\\xampp\\htdocs...')
#2 C:\xampp\htdocs\wordpress-code\index.php(17): require('C:\\xampp\\htdocs...')
#3 {main}
  thrown in C:\xampp\htdocs\wordpress-code\wp-content\themes\mywocoomerce\index.php on line 66

2023-02-08T16:16:20+00:00 CRITICAL Uncaught Error: Object of class WP_Error could not be converted to string in C:\xampp\htdocs\wordpress-code\wp-content\themes\mywocoomerce\index.php:67
Stack trace:
#0 C:\xampp\htdocs\wordpress-code\wp-includes\template-loader.php(106): include()
#1 C:\xampp\htdocs\wordpress-code\wp-blog-header.php(19): require_once('C:\\xampp\\htdocs...')
#2 C:\xampp\htdocs\wordpress-code\index.php(17): require('C:\\xampp\\htdocs...')
#3 {main}
  thrown in C:\xampp\htdocs\wordpress-code\wp-content\themes\mywocoomerce\index.php on line 67

2023-02-08T16:17:44+00:00 CRITICAL Uncaught Error: Object of class WP_Error could not be converted to string in C:\xampp\htdocs\wordpress-code\wp-content\themes\mywocoomerce\index.php:68
Stack trace:
#0 C:\xampp\htdocs\wordpress-code\wp-includes\template-loader.php(106): include()
#1 C:\xampp\htdocs\wordpress-code\wp-blog-header.php(19): require_once('C:\\xampp\\htdocs...')
#2 C:\xampp\htdocs\wordpress-code\index.php(17): require('C:\\xampp\\htdocs...')
#3 {main}
  thrown in C:\xampp\htdocs\wordpress-code\wp-content\themes\mywocoomerce\index.php on line 68

2023-02-08T16:19:27+00:00 CRITICAL Uncaught Error: Object of class WP_Error could not be converted to string in C:\xampp\htdocs\wordpress-code\wp-content\themes\mywocoomerce\index.php:67
Stack trace:
#0 C:\xampp\htdocs\wordpress-code\wp-includes\template-loader.php(106): include()
#1 C:\xampp\htdocs\wordpress-code\wp-blog-header.php(19): require_once('C:\\xampp\\htdocs...')
#2 C:\xampp\htdocs\wordpress-code\index.php(17): require('C:\\xampp\\htdocs...')
#3 {main}
  thrown in C:\xampp\htdocs\wordpress-code\wp-content\themes\mywocoomerce\index.php on line 67

2023-02-08T16:21:06+00:00 CRITICAL Uncaught Error: Cannot use object of type WP_Term as array in C:\xampp\htdocs\wordpress-code\wp-content\themes\mywocoomerce\index.php:67
Stack trace:
#0 C:\xampp\htdocs\wordpress-code\wp-includes\template-loader.php(106): include()
#1 C:\xampp\htdocs\wordpress-code\wp-blog-header.php(19): require_once('C:\\xampp\\htdocs...')
#2 C:\xampp\htdocs\wordpress-code\index.php(17): require('C:\\xampp\\htdocs...')
#3 {main}
  thrown in C:\xampp\htdocs\wordpress-code\wp-content\themes\mywocoomerce\index.php on line 67

2023-02-08T16:21:46+00:00 CRITICAL Uncaught Error: Cannot use object of type WP_Term as array in C:\xampp\htdocs\wordpress-code\wp-content\themes\mywocoomerce\index.php:69
Stack trace:
#0 C:\xampp\htdocs\wordpress-code\wp-includes\template-loader.php(106): include()
#1 C:\xampp\htdocs\wordpress-code\wp-blog-header.php(19): require_once('C:\\xampp\\htdocs...')
#2 C:\xampp\htdocs\wordpress-code\index.php(17): require('C:\\xampp\\htdocs...')
#3 {main}
  thrown in C:\xampp\htdocs\wordpress-code\wp-content\themes\mywocoomerce\index.php on line 69

2023-02-08T16:22:48+00:00 CRITICAL Uncaught Error: Cannot use object of type WP_Term as array in C:\xampp\htdocs\wordpress-code\wp-content\themes\mywocoomerce\index.php:69
Stack trace:
#0 C:\xampp\htdocs\wordpress-code\wp-includes\template-loader.php(106): include()
#1 C:\xampp\htdocs\wordpress-code\wp-blog-header.php(19): require_once('C:\\xampp\\htdocs...')
#2 C:\xampp\htdocs\wordpress-code\index.php(17): require('C:\\xampp\\htdocs...')
#3 {main}
  thrown in C:\xampp\htdocs\wordpress-code\wp-content\themes\mywocoomerce\index.php on line 69

2023-02-08T16:23:04+00:00 CRITICAL Uncaught Error: Cannot use object of type WP_Term as array in C:\xampp\htdocs\wordpress-code\wp-content\themes\mywocoomerce\index.php:70
Stack trace:
#0 C:\xampp\htdocs\wordpress-code\wp-includes\template-loader.php(106): include()
#1 C:\xampp\htdocs\wordpress-code\wp-blog-header.php(19): require_once('C:\\xampp\\htdocs...')
#2 C:\xampp\htdocs\wordpress-code\index.php(17): require('C:\\xampp\\htdocs...')
#3 {main}
  thrown in C:\xampp\htdocs\wordpress-code\wp-content\themes\mywocoomerce\index.php on line 70

