2023-02-14T02:11:25+00:00 DEBUG POST: https://business-api.tiktok.com/open_api/v1.2/tbp/business_profile/disconnect/

{"external_business_id":false,"business_platform":"WOO_COMMERCE","is_setup_page":0,"app_id":false}
 ajax: no
2023-02-14T02:11:25+00:00 DEBUG Tt4b_Mapi_Class::mapi_post: Response: 

HTTP/1.1 200 OK
Server: nginx
Content-Type: application/json; charset=utf-8
Content-Length: 103
X-Api-Deprecation-Info: API for Business Version 1.3 is now live. To avoid disruption to your business, we recommend you migrate all calls to v1.3 as soon as possible. Please visit our migration guide for more details: https://ads.tiktok.com/marketing_api/docs?id=1740029169927169
X-Domain-Change-Info: We have moved to the new domain business-api.tiktok.com for API services after the Platform Upgrade on 09/30/2021. Please update all of your requests with the new domain if you haven't done so already. For more information, please visit https://ads.tiktok.com/marketing_api/docs?rid=esb88xalm6m&id=1709207085043713
X-Tt-Logid: 20230214021124AA659B5CEBD5F4066408
x-tt-trace-host: 01ef4aeae486e40ea36ede08190537cb1c94311fff4d2489f94f24549f10cff2c8ab3afe91749850460215599b63f91c80d5865d4756fe11a2d2ccb48c9ac83a4971f8e0c4954a2f9ce93cea718231d8905cdef0a9d5e7db22cec8bb6f3f9821d190dee7704b5e2ada729bdde67487cd84
X-Origin-Response-Time: 11,23.64.122.95
X-Akamai-Request-ID: 91811836.2a40f101
Expires: Tue, 14 Feb 2023 02:11:25 GMT
Cache-Control: max-age=0, no-cache, no-store
Pragma: no-cache
Date: Tue, 14 Feb 2023 02:11:25 GMT
X-Cache: TCP_MISS from a118-69-17-198.deploy.akamaitechnologies.com (AkamaiGHost/11.0.0-46340752) (-)
Connection: close
X-Cache-Remote: TCP_MISS from a23-64-122-95.deploy.akamaitechnologies.com (AkamaiGHost/11.0.0-46340752) (-)
x-tt-trace-tag: id=16;cdn-cache=miss;type=dyn
Server-Timing: cdn-cache; desc=MISS, edge; dur=47, origin; dur=11
Server-Timing: inner; dur=7
X-Parent-Response-Time: 55,118.69.17.198

{"code":40104,"message":"The access_token is empty.","request_id":"20230214021124AA659B5CEBD5F4066408"}

2023-02-14T02:11:25+00:00 DEBUG POST: https://business-api.tiktok.com/tbp/v2.0/shop/connection/disconnect?external_data=

--- EMPTY STRING ---
 ajax: no
2023-02-14T02:11:25+00:00 DEBUG Tt4b_Mapi_Class::tts_shop_disconnect: Response: 

HTTP/1.1 200 OK
Server: nginx
Content-Type: application/json; charset=utf-8
Content-Length: 95
X-Api-Deprecation-Info: API for Business Version 1.3 is now live. To avoid disruption to your business, we recommend you migrate all calls to v1.3 as soon as possible. Please visit our migration guide for more details: https://ads.tiktok.com/marketing_api/docs?id=1740029169927169
X-Domain-Change-Info: We have moved to the new domain business-api.tiktok.com for API services after the Platform Upgrade on 09/30/2021. Please update all of your requests with the new domain if you haven't done so already. For more information, please visit https://ads.tiktok.com/marketing_api/docs?rid=esb88xalm6m&id=1709207085043713
X-Tt-Logid: 202302140211249C10EFD272FB37063B92
x-tt-trace-host: 01ef4aeae486e40ea36ede08190537cb1c94311fff4d2489f94f24549f10cff2c814c129320d947fc34c3e2f6ab216014d1b4698ecde20bdeca1729ef77be2f0c51e35fae5dd1a791a945302d77fc70d53c0e9cebc8a79c5e06e716b19716fee2cddea6878cf01e0734fecdaf76255321a
X-Origin-Response-Time: 15,23.64.122.100
X-Akamai-Request-ID: f220f5aa.2a40f1a6
Expires: Tue, 14 Feb 2023 02:11:25 GMT
Cache-Control: max-age=0, no-cache, no-store
Pragma: no-cache
Date: Tue, 14 Feb 2023 02:11:25 GMT
X-Cache: TCP_MISS from a118-69-17-198.deploy.akamaitechnologies.com (AkamaiGHost/11.0.0-46340752) (-)
Connection: close
X-Cache-Remote: TCP_MISS from a23-64-122-100.deploy.akamaitechnologies.com (AkamaiGHost/11.0.0-46340752) (-)
x-tt-trace-tag: id=16;cdn-cache=miss;type=dyn
Server-Timing: cdn-cache; desc=MISS, edge; dur=40, origin; dur=15
Server-Timing: inner; dur=9
X-Parent-Response-Time: 54,118.69.17.198

{"code":40001,"message":"Permission denied.","request_id":"202302140211249C10EFD272FB37063B92"}

